Godot Engine v4.4.1.stable.official.49a5bc7b6 - https://godotengine.org
Vulkan 1.4.305 - Forward Mobile - Using Device #0: Intel - Intel(R) UHD Graphics 620 (KBL GT2)

Scrabble dictionary loaded. Word count: 178691
7-letter words found: 24029
Game dictionary loaded successfully.
Connecting to server at 99.232.235.123:9081...
Godot Engine v4.4.1.stable.official.49a5bc7b6 - https://godotengine.org
Vulkan 1.4.305 - Forward Mobile - Using Device #0: Intel - Intel(R) UHD Graphics 620 (KBL GT2)

Scrabble dictionary loaded. Word count: 178691
7-letter words found: 24029
Game dictionary loaded successfully.
Connecting to server at 99.232.235.123:9081...
Godot Engine v4.4.1.stable.official.49a5bc7b6 - https://godotengine.org
Vulkan 1.4.305 - Forward Mobile - Using Device #0: Intel - Intel(R) UHD Graphics 620 (KBL GT2)

ERROR: Unrecognized UID: "uid://b836ehk27i7xl".
   at: get_id_path (core/io/resource_uid.cpp:170)
ERROR: Couldn't detect whether to run the editor, the project manager or a specific project. Aborting.
   at: start (main/main.cpp:3913)
Godot Engine v4.4.1.stable.official.49a5bc7b6 - https://godotengine.org
Vulkan 1.4.305 - Forward Mobile - Using Device #0: Intel - Intel(R) UHD Graphics 620 (KBL GT2)

ERROR: Unrecognized UID: "uid://b836ehk27i7xl".
   at: get_id_path (core/io/resource_uid.cpp:170)
ERROR: Couldn't detect whether to run the editor, the project manager or a specific project. Aborting.
   at: start (main/main.cpp:3913)
Godot Engine v4.4.1.stable.official.49a5bc7b6 - https://godotengine.org
Vulkan 1.4.305 - Forward Mobile - Using Device #0: Intel - Intel(R) UHD Graphics 620 (KBL GT2)

ERROR: Unrecognized UID: "uid://b836ehk27i7xl".
   at: get_id_path (core/io/resource_uid.cpp:170)
ERROR: Couldn't detect whether to run the editor, the project manager or a specific project. Aborting.
   at: start (main/main.cpp:3913)
Godot Engine v4.4.1.stable.official.49a5bc7b6 - https://godotengine.org
Vulkan 1.4.305 - Forward Mobile - Using Device #0: Intel - Intel(R) UHD Graphics 620 (KBL GT2)

ERROR: Unrecognized UID: "uid://b836ehk27i7xl".
   at: get_id_path (core/io/resource_uid.cpp:170)
ERROR: Couldn't detect whether to run the editor, the project manager or a specific project. Aborting.
   at: start (main/main.cpp:3913)
Godot Engine v4.4.1.stable.official.49a5bc7b6 - https://godotengine.org
Vulkan 1.4.305 - Forward Mobile - Using Device #0: Intel - Intel(R) UHD Graphics 620 (KBL GT2)

ERROR: Unrecognized UID: "uid://b836ehk27i7xl".
   at: get_id_path (core/io/resource_uid.cpp:170)
ERROR: Couldn't detect whether to run the editor, the project manager or a specific project. Aborting.
   at: start (main/main.cpp:3913)
Godot Engine v4.4.1.stable.official.49a5bc7b6 - https://godotengine.org
Vulkan 1.4.305 - Forward Mobile - Using Device #0: Intel - Intel(R) UHD Graphics 620 (KBL GT2)

ERROR: Unrecognized UID: "uid://b836ehk27i7xl".
   at: get_id_path (core/io/resource_uid.cpp:170)
ERROR: Couldn't detect whether to run the editor, the project manager or a specific project. Aborting.
   at: start (main/main.cpp:3913)
Godot Engine v4.4.1.stable.official.49a5bc7b6 - https://godotengine.org
Vulkan 1.4.305 - Forward Mobile - Using Device #0: Intel - Intel(R) UHD Graphics 620 (KBL GT2)

ERROR: Unrecognized UID: "uid://b836ehk27i7xl".
   at: get_id_path (core/io/resource_uid.cpp:170)
ERROR: Couldn't detect whether to run the editor, the project manager or a specific project. Aborting.
   at: start (main/main.cpp:3913)
Godot Engine v4.4.1.stable.official.49a5bc7b6 - https://godotengine.org

ERROR: Unrecognized UID: "uid://b836ehk27i7xl".
   at: get_id_path (core/io/resource_uid.cpp:170)
ERROR: Couldn't detect whether to run the editor, the project manager or a specific project. Aborting.
   at: start (main/main.cpp:3913)
Godot Engine v4.4.1.stable.official.49a5bc7b6 - https://godotengine.org

ERROR: Unrecognized UID: "uid://b836ehk27i7xl".
   at: get_id_path (core/io/resource_uid.cpp:170)
ERROR: Couldn't detect whether to run the editor, the project manager or a specific project. Aborting.
   at: start (main/main.cpp:3913)
Godot Engine v4.4.1.stable.official.49a5bc7b6 - https://godotengine.org

ERROR: Unrecognized UID: "uid://b836ehk27i7xl".
   at: get_id_path (core/io/resource_uid.cpp:170)
ERROR: Couldn't detect whether to run the editor, the project manager or a specific project. Aborting.
   at: start (main/main.cpp:3913)
Godot Engine v4.4.1.stable.official.49a5bc7b6 - https://godotengine.org

ERROR: Unrecognized UID: "uid://b836ehk27i7xl".
   at: get_id_path (core/io/resource_uid.cpp:170)
ERROR: Couldn't detect whether to run the editor, the project manager or a specific project. Aborting.
   at: start (main/main.cpp:3913)
Godot Engine v4.4.1.stable.official.49a5bc7b6 - https://godotengine.org

WARNING: res://data/scenes_and_scripts/multiplayertesting/serverclientsplitter.tscn:3 - ext_resource, invalid UID: uid://2e0wdik0g0we - using text path instead: res://data/scenes_and_scripts/multiplayertesting/serverclientsplitter.gd
     at: load (scene/resources/resource_format_text.cpp:447)
Scrabble dictionary loaded. Word count: 178691
7-letter words found: 24029
Game dictionary loaded successfully.
👤 Starting client...
WARNING: res://data/scenes_and_scripts/multiplayertesting/FirstSceneClient.tscn:3 - ext_resource, invalid UID: uid://gqnx1j7rh8cc - using text path instead: res://data/scenes_and_scripts/multiplayertesting/Client.gd
     at: load (scene/resources/resource_format_text.cpp:447)
ERROR: Parent node is busy adding/removing children, `remove_child()` can't be called at this time. Consider using `remove_child.call_deferred(child)` instead.
   at: remove_child (scene/main/node.cpp:1686)
Godot Engine v4.4.1.stable.official.49a5bc7b6 - https://godotengine.org

WARNING: res://data/scenes_and_scripts/multiplayertesting/serverclientsplitter.tscn:3 - ext_resource, invalid UID: uid://2e0wdik0g0we - using text path instead: res://data/scenes_and_scripts/multiplayertesting/serverclientsplitter.gd
     at: load (scene/resources/resource_format_text.cpp:447)
Scrabble dictionary loaded. Word count: 178691
7-letter words found: 24029
Game dictionary loaded successfully.
👤 Starting client...
WARNING: res://data/scenes_and_scripts/multiplayertesting/FirstSceneClient.tscn:3 - ext_resource, invalid UID: uid://gqnx1j7rh8cc - using text path instead: res://data/scenes_and_scripts/multiplayertesting/Client.gd
     at: load (scene/resources/resource_format_text.cpp:447)
ERROR: Parent node is busy adding/removing children, `remove_child()` can't be called at this time. Consider using `remove_child.call_deferred(child)` instead.
   at: remove_child (scene/main/node.cpp:1686)jjjjjjjjj
